# JRE version: OpenJDK Runtime Environment Temurin-21.0.10+7 (21.0.10+7) (build 21.0.10+7-LTS)
# Java VM: OpenJDK 64-Bit Server VM Temurin-21.0.10+7 (21.0.10+7-LTS, mixed mode, sharing, tiered, compressed oops, compressed class ptrs, parallel gc, windows-amd64)
GC Precious Log:
 CardTable entry size: 512
 CPUs: 8 total, 8 available
 Memory: 16221M
 Large Page Support: Disabled
 NUMA Support: Disabled
 Compressed Oops: Enabled (32-bit)
 Alignments: Space 512K, Generation 512K, Heap 2M
 Heap Min Capacity: 100M
 Heap Initial Capacity: 100M
 Heap Max Capacity: 2G
 Pre-touch: Disabled
 Parallel Workers: 8
Heap:
 PSYoungGen      total 17920K, used 11426K [0x00000000d5580000, 0x00000000d6980000, 0x0000000100000000)
  eden space 16384K, 63% used [0x00000000d5580000,0x00000000d5fa5da0,0x00000000d6580000)
  from space 1536K, 67% used [0x00000000d6580000,0x00000000d6682ce8,0x00000000d6700000)
  to   space 2048K, 0% used [0x00000000d6780000,0x00000000d6780000,0x00000000d6980000)
 ParOldGen       total 68608K, used 53838K [0x0000000080000000, 0x0000000084300000, 0x00000000d5580000)
  object space 68608K, 78% used [0x0000000080000000,0x0000000083493a38,0x0000000084300000)
 Metaspace       used 67834K, committed 69312K, reserved 1114112K
  class space    used 7379K, committed 8064K, reserved 1048576K
GC Heap History (20 events):
Event: 28.819 GC heap before
{Heap before GC invocations=75 (full 3):
 PSYoungGen      total 19968K, used 19936K [0x00000000d5580000, 0x00000000d6d80000, 0x0000000100000000)
  eden space 18432K, 100% used [0x00000000d5580000,0x00000000d6780000,0x00000000d6780000)
  from space 1536K, 97% used [0x00000000d6780000,0x00000000d68f8030,0x00000000d6900000)
  to   space 3072K, 0% used [0x00000000d6a80000,0x00000000d6a80000,0x00000000d6d80000)
 ParOldGen       total 68608K, used 38498K [0x0000000080000000, 0x0000000084300000, 0x00000000d5580000)
  object space 68608K, 56% used [0x0000000080000000,0x00000000825989a0,0x0000000084300000)
 Metaspace       used 63005K, committed 64320K, reserved 1114112K
  class space    used 6929K, committed 7552K, reserved 1048576K
}
Event: 28.822 GC heap after
{Heap after GC invocations=75 (full 3):
 PSYoungGen      total 20480K, used 1922K [0x00000000d5580000, 0x00000000d6c80000, 0x0000000100000000)
  eden space 18432K, 0% used [0x00000000d5580000,0x00000000d5580000,0x00000000d6780000)
  from space 2048K, 93% used [0x00000000d6a80000,0x00000000d6c60810,0x00000000d6c80000)
  to   space 2560K, 0% used [0x00000000d6780000,0x00000000d6780000,0x00000000d6a00000)
 ParOldGen       total 68608K, used 39986K [0x0000000080000000, 0x0000000084300000, 0x00000000d5580000)
  object space 68608K, 58% used [0x0000000080000000,0x000000008270c9e0,0x0000000084300000)
 Metaspace       used 63005K, committed 64320K, reserved 1114112K
  class space    used 6929K, committed 7552K, reserved 1048576K
}
Event: 28.867 GC heap before
{Heap before GC invocations=76 (full 3):
 PSYoungGen      total 20480K, used 20354K [0x00000000d5580000, 0x00000000d6c80000, 0x0000000100000000)
  eden space 18432K, 100% used [0x00000000d5580000,0x00000000d6780000,0x00000000d6780000)
  from space 2048K, 93% used [0x00000000d6a80000,0x00000000d6c60810,0x00000000d6c80000)
  to   space 2560K, 0% used [0x00000000d6780000,0x00000000d6780000,0x00000000d6a00000)
 ParOldGen       total 68608K, used 39986K [0x0000000080000000, 0x0000000084300000, 0x00000000d5580000)
  object space 68608K, 58% used [0x0000000080000000,0x000000008270c9e0,0x0000000084300000)
 Metaspace       used 63033K, committed 64320K, reserved 1114112K
  class space    used 6934K, committed 7552K, reserved 1048576K
}
Event: 28.870 GC heap after
{Heap after GC invocations=76 (full 3):
 PSYoungGen      total 20480K, used 1824K [0x00000000d5580000, 0x00000000d6b80000, 0x0000000100000000)
  eden space 18432K, 0% used [0x00000000d5580000,0x00000000d5580000,0x00000000d6780000)
  from space 2048K, 89% used [0x00000000d6780000,0x00000000d6948010,0x00000000d6980000)
  to   space 2048K, 0% used [0x00000000d6980000,0x00000000d6980000,0x00000000d6b80000)
 ParOldGen       total 68608K, used 41808K [0x0000000080000000, 0x0000000084300000, 0x00000000d5580000)
  object space 68608K, 60% used [0x0000000080000000,0x00000000828d4318,0x0000000084300000)
 Metaspace       used 63033K, committed 64320K, reserved 1114112K
  class space    used 6934K, committed 7552K, reserved 1048576K
}
Event: 28.903 GC heap before
{Heap before GC invocations=77 (full 3):
 PSYoungGen      total 20480K, used 20256K [0x00000000d5580000, 0x00000000d6b80000, 0x0000000100000000)
  eden space 18432K, 100% used [0x00000000d5580000,0x00000000d6780000,0x00000000d6780000)
  from space 2048K, 89% used [0x00000000d6780000,0x00000000d6948010,0x00000000d6980000)
  to   space 2048K, 0% used [0x00000000d6980000,0x00000000d6980000,0x00000000d6b80000)
 ParOldGen       total 68608K, used 41808K [0x0000000080000000, 0x0000000084300000, 0x00000000d5580000)
  object space 68608K, 60% used [0x0000000080000000,0x00000000828d4318,0x0000000084300000)
 Metaspace       used 63046K, committed 64384K, reserved 1114112K
  class space    used 6934K, committed 7552K, reserved 1048576K
}
Event: 28.908 GC heap after
{Heap after GC invocations=77 (full 3):
 PSYoungGen      total 20480K, used 1792K [0x00000000d5580000, 0x00000000d6b80000, 0x0000000100000000)
  eden space 18432K, 0% used [0x00000000d5580000,0x00000000d5580000,0x00000000d6780000)
  from space 2048K, 87% used [0x00000000d6980000,0x00000000d6b40000,0x00000000d6b80000)
  to   space 2048K, 0% used [0x00000000d6780000,0x00000000d6780000,0x00000000d6980000)
 ParOldGen       total 68608K, used 43472K [0x0000000080000000, 0x0000000084300000, 0x00000000d5580000)
  object space 68608K, 63% used [0x0000000080000000,0x0000000082a74328,0x0000000084300000)
 Metaspace       used 63046K, committed 64384K, reserved 1114112K
  class space    used 6934K, committed 7552K, reserved 1048576K
}
Event: 28.940 GC heap before
{Heap before GC invocations=78 (full 3):
 PSYoungGen      total 20480K, used 20224K [0x00000000d5580000, 0x00000000d6b80000, 0x0000000100000000)
  eden space 18432K, 100% used [0x00000000d5580000,0x00000000d6780000,0x00000000d6780000)
  from space 2048K, 87% used [0x00000000d6980000,0x00000000d6b40000,0x00000000d6b80000)
  to   space 2048K, 0% used [0x00000000d6780000,0x00000000d6780000,0x00000000d6980000)
 ParOldGen       total 68608K, used 43472K [0x0000000080000000, 0x0000000084300000, 0x00000000d5580000)
  object space 68608K, 63% used [0x0000000080000000,0x0000000082a74328,0x0000000084300000)
 Metaspace       used 63049K, committed 64384K, reserved 1114112K
  class space    used 6934K, committed 7552K, reserved 1048576K
}
Event: 28.944 GC heap after
{Heap after GC invocations=78 (full 3):
 PSYoungGen      total 20480K, used 1892K [0x00000000d5580000, 0x00000000d6b80000, 0x0000000100000000)
  eden space 18432K, 0% used [0x00000000d5580000,0x00000000d5580000,0x00000000d6780000)
  from space 2048K, 92% used [0x00000000d6780000,0x00000000d6959000,0x00000000d6980000)
  to   space 2048K, 0% used [0x00000000d6980000,0x00000000d6980000,0x00000000d6b80000)
 ParOldGen       total 68608K, used 45127K [0x0000000080000000, 0x0000000084300000, 0x00000000d5580000)
  object space 68608K, 65% used [0x0000000080000000,0x0000000082c11cd8,0x0000000084300000)
 Metaspace       used 63049K, committed 64384K, reserved 1114112K
  class space    used 6934K, committed 7552K, reserved 1048576K
}
Event: 28.985 GC heap before
{Heap before GC invocations=79 (full 3):
 PSYoungGen      total 20480K, used 20324K [0x00000000d5580000, 0x00000000d6b80000, 0x0000000100000000)
  eden space 18432K, 100% used [0x00000000d5580000,0x00000000d6780000,0x00000000d6780000)
  from space 2048K, 92% used [0x00000000d6780000,0x00000000d6959000,0x00000000d6980000)
  to   space 2048K, 0% used [0x00000000d6980000,0x00000000d6980000,0x00000000d6b80000)
 ParOldGen       total 68608K, used 45127K [0x0000000080000000, 0x0000000084300000, 0x00000000d5580000)
  object space 68608K, 65% used [0x0000000080000000,0x0000000082c11cd8,0x0000000084300000)
 Metaspace       used 63065K, committed 64384K, reserved 1114112K
  class space    used 6934K, committed 7552K, reserved 1048576K
}
Event: 28.988 GC heap after
{Heap after GC invocations=79 (full 3):
 PSYoungGen      total 20480K, used 1856K [0x00000000d5580000, 0x00000000d6b80000, 0x0000000100000000)
  eden space 18432K, 0% used [0x00000000d5580000,0x00000000d5580000,0x00000000d6780000)
  from space 2048K, 90% used [0x00000000d6980000,0x00000000d6b50010,0x00000000d6b80000)
  to   space 2048K, 0% used [0x00000000d6780000,0x00000000d6780000,0x00000000d6980000)
 ParOldGen       total 68608K, used 46876K [0x0000000080000000, 0x0000000084300000, 0x00000000d5580000)
  object space 68608K, 68% used [0x0000000080000000,0x0000000082dc7300,0x0000000084300000)
 Metaspace       used 63065K, committed 64384K, reserved 1114112K
  class space    used 6934K, committed 7552K, reserved 1048576K
}
Event: 29.045 GC heap before
{Heap before GC invocations=80 (full 3):
 PSYoungGen      total 20480K, used 20288K [0x00000000d5580000, 0x00000000d6b80000, 0x0000000100000000)
  eden space 18432K, 100% used [0x00000000d5580000,0x00000000d6780000,0x00000000d6780000)
  from space 2048K, 90% used [0x00000000d6980000,0x00000000d6b50010,0x00000000d6b80000)
  to   space 2048K, 0% used [0x00000000d6780000,0x00000000d6780000,0x00000000d6980000)
 ParOldGen       total 68608K, used 46876K [0x0000000080000000, 0x0000000084300000, 0x00000000d5580000)
  object space 68608K, 68% used [0x0000000080000000,0x0000000082dc7300,0x0000000084300000)
 Metaspace       used 63108K, committed 64448K, reserved 1114112K
  class space    used 6936K, committed 7552K, reserved 1048576K
}
Event: 29.048 GC heap after
{Heap after GC invocations=80 (full 3):
 PSYoungGen      total 20480K, used 1624K [0x00000000d5580000, 0x00000000d6b80000, 0x0000000100000000)
  eden space 18432K, 0% used [0x00000000d5580000,0x00000000d5580000,0x00000000d6780000)
  from space 2048K, 79% used [0x00000000d6780000,0x00000000d6916200,0x00000000d6980000)
  to   space 2048K, 0% used [0x00000000d6980000,0x00000000d6980000,0x00000000d6b80000)
 ParOldGen       total 68608K, used 48660K [0x0000000080000000, 0x0000000084300000, 0x00000000d5580000)
  object space 68608K, 70% used [0x0000000080000000,0x0000000082f85310,0x0000000084300000)
 Metaspace       used 63108K, committed 64448K, reserved 1114112K
  class space    used 6936K, committed 7552K, reserved 1048576K
}
Event: 29.144 GC heap before
{Heap before GC invocations=81 (full 3):
 PSYoungGen      total 20480K, used 20056K [0x00000000d5580000, 0x00000000d6b80000, 0x0000000100000000)
  eden space 18432K, 100% used [0x00000000d5580000,0x00000000d6780000,0x00000000d6780000)
  from space 2048K, 79% used [0x00000000d6780000,0x00000000d6916200,0x00000000d6980000)
  to   space 2048K, 0% used [0x00000000d6980000,0x00000000d6980000,0x00000000d6b80000)
 ParOldGen       total 68608K, used 48660K [0x0000000080000000, 0x0000000084300000, 0x00000000d5580000)
  object space 68608K, 70% used [0x0000000080000000,0x0000000082f85310,0x0000000084300000)
 Metaspace       used 63267K, committed 64640K, reserved 1114112K
  class space    used 6952K, committed 7552K, reserved 1048576K
}
Event: 29.148 GC heap after
{Heap after GC invocations=81 (full 3):
 PSYoungGen      total 19968K, used 1152K [0x00000000d5580000, 0x00000000d6b00000, 0x0000000100000000)
  eden space 18432K, 0% used [0x00000000d5580000,0x00000000d5580000,0x00000000d6780000)
  from space 1536K, 75% used [0x00000000d6980000,0x00000000d6aa0000,0x00000000d6b00000)
  to   space 1536K, 0% used [0x00000000d6800000,0x00000000d6800000,0x00000000d6980000)
 ParOldGen       total 68608K, used 50197K [0x0000000080000000, 0x0000000084300000, 0x00000000d5580000)
  object space 68608K, 73% used [0x0000000080000000,0x0000000083105510,0x0000000084300000)
 Metaspace       used 63267K, committed 64640K, reserved 1114112K
  class space    used 6952K, committed 7552K, reserved 1048576K
}
Event: 29.687 GC heap before
{Heap before GC invocations=82 (full 3):
 PSYoungGen      total 19968K, used 19573K [0x00000000d5580000, 0x00000000d6b00000, 0x0000000100000000)
  eden space 18432K, 99% used [0x00000000d5580000,0x00000000d677d528,0x00000000d6780000)
  from space 1536K, 75% used [0x00000000d6980000,0x00000000d6aa0000,0x00000000d6b00000)
  to   space 1536K, 0% used [0x00000000d6800000,0x00000000d6800000,0x00000000d6980000)
 ParOldGen       total 68608K, used 50197K [0x0000000080000000, 0x0000000084300000, 0x00000000d5580000)
  object space 68608K, 73% used [0x0000000080000000,0x0000000083105510,0x0000000084300000)
 Metaspace       used 63929K, committed 65280K, reserved 1114112K
  class space    used 7004K, committed 7616K, reserved 1048576K
}
Event: 29.689 GC heap after
{Heap after GC invocations=82 (full 3):
 PSYoungGen      total 19456K, used 1017K [0x00000000d5580000, 0x00000000d6a80000, 0x0000000100000000)
  eden space 18432K, 0% used [0x00000000d5580000,0x00000000d5580000,0x00000000d6780000)
  from space 1024K, 99% used [0x00000000d6800000,0x00000000d68fe470,0x00000000d6900000)
  to   space 1536K, 0% used [0x00000000d6900000,0x00000000d6900000,0x00000000d6a80000)
 ParOldGen       total 68608K, used 51194K [0x0000000080000000, 0x0000000084300000, 0x00000000d5580000)
  object space 68608K, 74% used [0x0000000080000000,0x00000000831fe868,0x0000000084300000)
 Metaspace       used 63929K, committed 65280K, reserved 1114112K
  class space    used 7004K, committed 7616K, reserved 1048576K
}
Event: 30.138 GC heap before
{Heap before GC invocations=83 (full 3):
 PSYoungGen      total 19456K, used 19378K [0x00000000d5580000, 0x00000000d6a80000, 0x0000000100000000)
  eden space 18432K, 99% used [0x00000000d5580000,0x00000000d676e5a8,0x00000000d6780000)
  from space 1024K, 99% used [0x00000000d6800000,0x00000000d68fe470,0x00000000d6900000)
  to   space 1536K, 0% used [0x00000000d6900000,0x00000000d6900000,0x00000000d6a80000)
 ParOldGen       total 68608K, used 51194K [0x0000000080000000, 0x0000000084300000, 0x00000000d5580000)
  object space 68608K, 74% used [0x0000000080000000,0x00000000831fe868,0x0000000084300000)
 Metaspace       used 65754K, committed 67200K, reserved 1114112K
  class space    used 7182K, committed 7872K, reserved 1048576K
}
Event: 30.140 GC heap after
{Heap after GC invocations=83 (full 3):
 PSYoungGen      total 17920K, used 1518K [0x00000000d5580000, 0x00000000d6e80000, 0x0000000100000000)
  eden space 16384K, 0% used [0x00000000d5580000,0x00000000d5580000,0x00000000d6580000)
  from space 1536K, 98% used [0x00000000d6900000,0x00000000d6a7b9d0,0x00000000d6a80000)
  to   space 3584K, 0% used [0x00000000d6580000,0x00000000d6580000,0x00000000d6900000)
 ParOldGen       total 68608K, used 52455K [0x0000000080000000, 0x0000000084300000, 0x00000000d5580000)
  object space 68608K, 76% used [0x0000000080000000,0x0000000083339ce8,0x0000000084300000)
 Metaspace       used 65754K, committed 67200K, reserved 1114112K
  class space    used 7182K, committed 7872K, reserved 1048576K
}
Event: 30.394 GC heap before
{Heap before GC invocations=84 (full 3):
 PSYoungGen      total 17920K, used 17902K [0x00000000d5580000, 0x00000000d6e80000, 0x0000000100000000)
  eden space 16384K, 100% used [0x00000000d5580000,0x00000000d6580000,0x00000000d6580000)
  from space 1536K, 98% used [0x00000000d6900000,0x00000000d6a7b9d0,0x00000000d6a80000)
  to   space 3584K, 0% used [0x00000000d6580000,0x00000000d6580000,0x00000000d6900000)
 ParOldGen       total 68608K, used 52455K [0x0000000080000000, 0x0000000084300000, 0x00000000d5580000)
  object space 68608K, 76% used [0x0000000080000000,0x0000000083339ce8,0x0000000084300000)
 Metaspace       used 67663K, committed 69184K, reserved 1114112K
  class space    used 7358K, committed 8064K, reserved 1048576K
}
Event: 30.397 GC heap after
{Heap after GC invocations=84 (full 3):
 PSYoungGen      total 17920K, used 1035K [0x00000000d5580000, 0x00000000d6980000, 0x0000000100000000)
  eden space 16384K, 0% used [0x00000000d5580000,0x00000000d5580000,0x00000000d6580000)
  from space 1536K, 67% used [0x00000000d6580000,0x00000000d6682ce8,0x00000000d6700000)
  to   space 2048K, 0% used [0x00000000d6780000,0x00000000d6780000,0x00000000d6980000)
 ParOldGen       total 68608K, used 53838K [0x0000000080000000, 0x0000000084300000, 0x00000000d5580000)
  object space 68608K, 78% used [0x0000000080000000,0x0000000083493a38,0x0000000084300000)
 Metaspace       used 67663K, committed 69184K, reserved 1114112K
  class space    used 7358K, committed 8064K, reserved 1048576K
}

